  main.cpp
d:\opencv\build\include\opencv2\core\mat.hpp(2586): warning C4819: 현재 코드 페이지(949)에서 표시할 수 없는 문자가 파일에 들어 있습니다. 데이터가 손실되지 않게 하려면 해당 파일을 유니코드 형식으로 저장하십시오.
d:\opencv\build\include\opencv2\core\persistence.hpp : warning C4819: 현재 코드 페이지(949)에서 표시할 수 없는 문자가 파일에 들어 있습니다. 데이터가 손실되지 않게 하려면 해당 파일을 유니코드 형식으로 저장하십시오.
d:\opencv\build\include\opencv2\core\utility.hpp : warning C4819: 현재 코드 페이지(949)에서 표시할 수 없는 문자가 파일에 들어 있습니다. 데이터가 손실되지 않게 하려면 해당 파일을 유니코드 형식으로 저장하십시오.
d:\opencv\build\include\opencv2\core\utility.hpp : warning C4819: 현재 코드 페이지(949)에서 표시할 수 없는 문자가 파일에 들어 있습니다. 데이터가 손실되지 않게 하려면 해당 파일을 유니코드 형식으로 저장하십시오.
d:\opencv\build\include\opencv2\imgproc.hpp : warning C4819: 현재 코드 페이지(949)에서 표시할 수 없는 문자가 파일에 들어 있습니다. 데이터가 손실되지 않게 하려면 해당 파일을 유니코드 형식으로 저장하십시오.
d:\opencv\build\include\opencv2\imgproc.hpp(592): warning C4819: 현재 코드 페이지(949)에서 표시할 수 없는 문자가 파일에 들어 있습니다. 데이터가 손실되지 않게 하려면 해당 파일을 유니코드 형식으로 저장하십시오.
c:\users\yb\documents\visual studio 2017\projects\mobilesoccer\mobilesoccer\main.cpp(57): warning C4244: '초기화 중': 'double'에서 'int'(으)로 변환하면서 데이터가 손실될 수 있습니다.
main.obj : error LNK2019: "void __cdecl cv::fastFree(void *)" (?fastFree@cv@@YAXPAX@Z) 외부 기호(참조 위치: "public: __thiscall cv::Mat::~Mat(void)" (??1Mat@cv@@QAE@XZ) 함수)에서 확인하지 못했습니다.
main.obj : error LNK2019: "private: char * __thiscall cv::String::allocate(unsigned int)" (?allocate@String@cv@@AAEPADI@Z) 외부 기호(참조 위치: "public: __thiscall cv::String::String(char const *)" (??0String@cv@@QAE@PBD@Z) 함수)에서 확인하지 못했습니다.
main.obj : error LNK2019: "private: void __thiscall cv::String::deallocate(void)" (?deallocate@String@cv@@AAEXXZ) 외부 기호(참조 위치: "public: __thiscall cv::String::~String(void)" (??1String@cv@@QAE@XZ) 함수)에서 확인하지 못했습니다.
main.obj : error LNK2019: "void __cdecl cv::error(int,class cv::String const &,char const *,char const *,int)" (?error@cv@@YAXHABVString@1@PBD1H@Z) 외부 기호(참조 위치: "public: int & __thiscall cv::Mat::at<int>(int,int)" (??$at@H@Mat@cv@@QAEAAHHH@Z) 함수)에서 확인하지 못했습니다.
main.obj : error LNK2019: "public: void __thiscall cv::Mat::deallocate(void)" (?deallocate@Mat@cv@@QAEXXZ) 외부 기호(참조 위치: "public: void __thiscall cv::Mat::release(void)" (?release@Mat@cv@@QAEXXZ) 함수)에서 확인하지 못했습니다.
main.obj : error LNK2019: "void __cdecl cv::inRange(class cv::_InputArray const &,class cv::_InputArray const &,class cv::_InputArray const &,class cv::_OutputArray const &)" (?inRange@cv@@YAXABV_InputArray@1@00ABV_OutputArray@1@@Z) 외부 기호(참조 위치: _main 함수)에서 확인하지 못했습니다.
main.obj : error LNK2019: "class cv::Mat __cdecl cv::getStructuringElement(int,class cv::Size_<int>,class cv::Point_<int>)" (?getStructuringElement@cv@@YA?AVMat@1@HV?$Size_@H@1@V?$Point_@H@1@@Z) 외부 기호(참조 위치: _main 함수)에서 확인하지 못했습니다.
main.obj : error LNK2019: "void __cdecl cv::erode(class cv::_InputArray const &,class cv::_OutputArray const &,class cv::_InputArray const &,class cv::Point_<int>,int,int,class cv::Scalar_<double> const &)" (?erode@cv@@YAXABV_InputArray@1@ABV_OutputArray@1@0V?$Point_@H@1@HHABV?$Scalar_@N@1@@Z) 외부 기호(참조 위치: _main 함수)에서 확인하지 못했습니다.
main.obj : error LNK2019: "void __cdecl cv::dilate(class cv::_InputArray const &,class cv::_OutputArray const &,class cv::_InputArray const &,class cv::Point_<int>,int,int,class cv::Scalar_<double> const &)" (?dilate@cv@@YAXABV_InputArray@1@ABV_OutputArray@1@0V?$Point_@H@1@HHABV?$Scalar_@N@1@@Z) 외부 기호(참조 위치: _main 함수)에서 확인하지 못했습니다.
main.obj : error LNK2019: "void __cdecl cv::cvtColor(class cv::_InputArray const &,class cv::_OutputArray const &,int,int)" (?cvtColor@cv@@YAXABV_InputArray@1@ABV_OutputArray@1@HH@Z) 외부 기호(참조 위치: _main 함수)에서 확인하지 못했습니다.
main.obj : error LNK2019: "int __cdecl cv::connectedComponentsWithStats(class cv::_InputArray const &,class cv::_OutputArray const &,class cv::_OutputArray const &,class cv::_OutputArray const &,int,int)" (?connectedComponentsWithStats@cv@@YAHABV_InputArray@1@ABV_OutputArray@1@11HH@Z) 외부 기호(참조 위치: _main 함수)에서 확인하지 못했습니다.
main.obj : error LNK2019: "void __cdecl cv::rectangle(class cv::_InputOutputArray const &,class cv::Point_<int>,class cv::Point_<int>,class cv::Scalar_<double> const &,int,int,int)" (?rectangle@cv@@YAXABV_InputOutputArray@1@V?$Point_@H@1@1ABV?$Scalar_@N@1@HHH@Z) 외부 기호(참조 위치: _main 함수)에서 확인하지 못했습니다.
main.obj : error LNK2019: "public: __thiscall cv::VideoCapture::VideoCapture(int)" (??0VideoCapture@cv@@QAE@H@Z) 외부 기호(참조 위치: _main 함수)에서 확인하지 못했습니다.
main.obj : error LNK2019: "public: virtual __thiscall cv::VideoCapture::~VideoCapture(void)" (??1VideoCapture@cv@@UAE@XZ) 외부 기호(참조 위치: _main 함수)에서 확인하지 못했습니다.
main.obj : error LNK2019: "public: virtual bool __thiscall cv::VideoCapture::isOpened(void)const " (?isOpened@VideoCapture@cv@@UBE_NXZ) 외부 기호(참조 위치: _main 함수)에서 확인하지 못했습니다.
main.obj : error LNK2019: "public: virtual bool __thiscall cv::VideoCapture::read(class cv::_OutputArray const &)" (?read@VideoCapture@cv@@UAE_NABV_OutputArray@2@@Z) 외부 기호(참조 위치: _main 함수)에서 확인하지 못했습니다.
main.obj : error LNK2019: "public: virtual bool __thiscall cv::VideoCapture::set(int,double)" (?set@VideoCapture@cv@@UAE_NHN@Z) 외부 기호(참조 위치: _main 함수)에서 확인하지 못했습니다.
main.obj : error LNK2019: "public: virtual double __thiscall cv::VideoCapture::get(int)const " (?get@VideoCapture@cv@@UBENH@Z) 외부 기호(참조 위치: _main 함수)에서 확인하지 못했습니다.
main.obj : error LNK2019: "void __cdecl cv::namedWindow(class cv::String const &,int)" (?namedWindow@cv@@YAXABVString@1@H@Z) 외부 기호(참조 위치: _main 함수)에서 확인하지 못했습니다.
main.obj : error LNK2019: "int __cdecl cv::waitKey(int)" (?waitKey@cv@@YAHH@Z) 외부 기호(참조 위치: _main 함수)에서 확인하지 못했습니다.
main.obj : error LNK2019: "void __cdecl cv::imshow(class cv::String const &,class cv::_InputArray const &)" (?imshow@cv@@YAXABVString@1@ABV_InputArray@1@@Z) 외부 기호(참조 위치: _main 함수)에서 확인하지 못했습니다.
main.obj : error LNK2019: _cvCreateTrackbar 외부 기호(참조 위치: _main 함수)에서 확인하지 못했습니다.
C:\Users\yb\documents\visual studio 2017\Projects\mobileSoccer\Debug\mobileSoccer.exe : fatal error LNK1120: 22개의 확인할 수 없는 외부 참조입니다.
